<?xml version="1.0" encoding="UTF-8"?>
<coverage generated="1772591762822" clover="3.2.0">
  <project timestamp="1772591762822" name="All files">
    <metrics statements="52" coveredstatements="48" conditionals="38" coveredconditionals="37" methods="18" coveredmethods="15" elements="108" coveredelements="100" complexity="0" loc="52" ncloc="52" packages="4" files="4" classes="4"/>
    <package name="calculatePrice">
      <metrics statements="24" coveredstatements="23" conditionals="20" coveredconditionals="19" methods="5" coveredmethods="5"/>
      <file name="calculatePrice.js" path="C:\Users\ss010\OneDrive\바탕 화면\codeit-learn\section_03_04_Jest\calculatePrice\calculatePrice.js">
        <metrics statements="24" coveredstatements="23" conditionals="20" coveredconditionals="19" methods="5" coveredmethods="5"/>
        <line num="5" count="11" type="stmt"/>
        <line num="8" count="11" type="stmt"/>
        <line num="11" count="11" type="stmt"/>
        <line num="14" count="11" type="stmt"/>
        <line num="16" count="11" type="stmt"/>
        <line num="20" count="11" type="cond" truecount="2" falsecount="0"/>
        <line num="21" count="10" type="cond" truecount="2" falsecount="0"/>
        <line num="22" count="3" type="cond" truecount="2" falsecount="0"/>
        <line num="23" count="2" type="stmt"/>
        <line num="27" count="11" type="cond" truecount="2" falsecount="0"/>
        <line num="28" count="1" type="stmt"/>
        <line num="29" count="10" type="cond" truecount="2" falsecount="0"/>
        <line num="30" count="1" type="stmt"/>
        <line num="31" count="9" type="cond" truecount="2" falsecount="0"/>
        <line num="32" count="2" type="stmt"/>
        <line num="34" count="7" type="stmt"/>
        <line num="38" count="11" type="cond" truecount="2" falsecount="0"/>
        <line num="39" count="3" type="cond" truecount="2" falsecount="0"/>
        <line num="40" count="2" type="stmt"/>
        <line num="42" count="1" type="cond" truecount="1" falsecount="1"/>
        <line num="43" count="1" type="stmt"/>
        <line num="45" count="0" type="stmt"/>
        <line num="49" count="11" type="stmt"/>
        <line num="52" count="1" type="stmt"/>
      </file>
    </package>
    <package name="cart">
      <metrics statements="17" coveredstatements="14" conditionals="6" coveredconditionals="6" methods="10" coveredmethods="7"/>
      <file name="cart.js" path="C:\Users\ss010\OneDrive\바탕 화면\codeit-learn\section_03_04_Jest\cart\cart.js">
        <metrics statements="17" coveredstatements="14" conditionals="6" coveredconditionals="6" methods="10" coveredmethods="7"/>
        <line num="5" count="6" type="stmt"/>
        <line num="9" count="10" type="stmt"/>
        <line num="15" count="8" type="stmt"/>
        <line num="17" count="8" type="cond" truecount="2" falsecount="0"/>
        <line num="18" count="1" type="stmt"/>
        <line num="21" count="7" type="stmt"/>
        <line num="26" count="2" type="stmt"/>
        <line num="30" count="3" type="cond" truecount="2" falsecount="0"/>
        <line num="31" count="1" type="stmt"/>
        <line num="34" count="2" type="stmt"/>
        <line num="36" count="2" type="cond" truecount="2" falsecount="0"/>
        <line num="37" count="1" type="stmt"/>
        <line num="40" count="1" type="stmt"/>
        <line num="44" count="0" type="stmt"/>
        <line num="45" count="0" type="stmt"/>
        <line num="50" count="0" type="stmt"/>
        <line num="54" count="1" type="stmt"/>
      </file>
    </package>
    <package name="cover">
      <metrics statements="8" coveredstatements="8" conditionals="8" coveredconditionals="8" methods="2" coveredmethods="2"/>
      <file name="coverage.js" path="C:\Users\ss010\OneDrive\바탕 화면\codeit-learn\section_03_04_Jest\cover\coverage.js">
        <metrics statements="8" coveredstatements="8" conditionals="8" coveredconditionals="8" methods="2" coveredmethods="2"/>
        <line num="3" count="2" type="cond" truecount="2" falsecount="0"/>
        <line num="4" count="1" type="stmt"/>
        <line num="6" count="1" type="stmt"/>
        <line num="11" count="8" type="cond" truecount="2" falsecount="0"/>
        <line num="12" count="6" type="cond" truecount="2" falsecount="0"/>
        <line num="13" count="4" type="cond" truecount="2" falsecount="0"/>
        <line num="14" count="2" type="stmt"/>
        <line num="17" count="1" type="stmt"/>
      </file>
    </package>
    <package name="max">
      <metrics statements="3" coveredstatements="3" conditionals="4" coveredconditionals="4" methods="1" coveredmethods="1"/>
      <file name="max.js" path="C:\Users\ss010\OneDrive\바탕 화면\codeit-learn\section_03_04_Jest\max\max.js">
        <metrics statements="3" coveredstatements="3" conditionals="4" coveredconditionals="4" methods="1" coveredmethods="1"/>
        <line num="10" count="6" type="cond" truecount="4" falsecount="0"/>
        <line num="12" count="3" type="stmt"/>
        <line num="15" count="1" type="stmt"/>
      </file>
    </package>
  </project>
</coverage>
