{"C:\\Users\\ss010\\OneDrive\\바탕 화면\\codeit-learn\\section_03_04_Jest\\calculatePrice\\calculatePrice.js": {"path":"C:\\Users\\ss010\\OneDrive\\바탕 화면\\codeit-learn\\section_03_04_Jest\\calculatePrice\\calculatePrice.js","statementMap":{"0":{"start":{"line":5,"column":34},"end":{"line":5,"column":59}},"1":{"start":{"line":8,"column":39},"end":{"line":8,"column":99}},"2":{"start":{"line":11,"column":35},"end":{"line":11,"column":92}},"3":{"start":{"line":14,"column":21},"end":{"line":14,"column":76}},"4":{"start":{"line":16,"column":2},"end":{"line":16,"column":20}},"5":{"start":{"line":20,"column":2},"end":{"line":20,"column":42}},"6":{"start":{"line":20,"column":23},"end":{"line":20,"column":42}},"7":{"start":{"line":21,"column":2},"end":{"line":21,"column":42}},"8":{"start":{"line":21,"column":23},"end":{"line":21,"column":42}},"9":{"start":{"line":22,"column":2},"end":{"line":22,"column":42}},"10":{"start":{"line":22,"column":22},"end":{"line":22,"column":42}},"11":{"start":{"line":23,"column":2},"end":{"line":23,"column":15}},"12":{"start":{"line":27,"column":2},"end":{"line":33,"column":3}},"13":{"start":{"line":28,"column":4},"end":{"line":28,"column":24}},"14":{"start":{"line":29,"column":9},"end":{"line":33,"column":3}},"15":{"start":{"line":30,"column":4},"end":{"line":30,"column":24}},"16":{"start":{"line":31,"column":9},"end":{"line":33,"column":3}},"17":{"start":{"line":32,"column":4},"end":{"line":32,"column":23}},"18":{"start":{"line":34,"column":2},"end":{"line":34,"column":15}},"19":{"start":{"line":38,"column":2},"end":{"line":38,"column":28}},"20":{"start":{"line":38,"column":15},"end":{"line":38,"column":28}},"21":{"start":{"line":39,"column":2},"end":{"line":41,"column":3}},"22":{"start":{"line":40,"column":4},"end":{"line":40,"column":45}},"23":{"start":{"line":42,"column":2},"end":{"line":44,"column":3}},"24":{"start":{"line":43,"column":4},"end":{"line":43,"column":33}},"25":{"start":{"line":45,"column":2},"end":{"line":45,"column":15}},"26":{"start":{"line":49,"column":2},"end":{"line":49,"column":56}},"27":{"start":{"line":52,"column":0},"end":{"line":52,"column":36}}},"fnMap":{"0":{"name":"calculatePrice","decl":{"start":{"line":3,"column":9},"end":{"line":3,"column":23}},"loc":{"start":{"line":3,"column":70},"end":{"line":17,"column":1}},"line":3},"1":{"name":"applyPriceDiscount","decl":{"start":{"line":19,"column":9},"end":{"line":19,"column":27}},"loc":{"start":{"line":19,"column":35},"end":{"line":24,"column":1}},"line":19},"2":{"name":"applyMembershipDiscount","decl":{"start":{"line":26,"column":9},"end":{"line":26,"column":32}},"loc":{"start":{"line":26,"column":52},"end":{"line":35,"column":1}},"line":26},"3":{"name":"applyCouponDiscount","decl":{"start":{"line":37,"column":9},"end":{"line":37,"column":28}},"loc":{"start":{"line":37,"column":44},"end":{"line":46,"column":1}},"line":37},"4":{"name":"applyMinimumPriceLimit","decl":{"start":{"line":48,"column":9},"end":{"line":48,"column":31}},"loc":{"start":{"line":48,"column":64},"end":{"line":50,"column":1}},"line":48}},"branchMap":{"0":{"loc":{"start":{"line":3,"column":31},"end":{"line":3,"column":53}},"type":"default-arg","locations":[{"start":{"line":3,"column":44},"end":{"line":3,"column":53}}],"line":3},"1":{"loc":{"start":{"line":3,"column":55},"end":{"line":3,"column":68}},"type":"default-arg","locations":[{"start":{"line":3,"column":64},"end":{"line":3,"column":68}}],"line":3},"2":{"loc":{"start":{"line":20,"column":2},"end":{"line":20,"column":42}},"type":"if","locations":[{"start":{"line":20,"column":2},"end":{"line":20,"column":42}},{"start":{},"end":{}}],"line":20},"3":{"loc":{"start":{"line":21,"column":2},"end":{"line":21,"column":42}},"type":"if","locations":[{"start":{"line":21,"column":2},"end":{"line":21,"column":42}},{"start":{},"end":{}}],"line":21},"4":{"loc":{"start":{"line":22,"column":2},"end":{"line":22,"column":42}},"type":"if","locations":[{"start":{"line":22,"column":2},"end":{"line":22,"column":42}},{"start":{},"end":{}}],"line":22},"5":{"loc":{"start":{"line":27,"column":2},"end":{"line":33,"column":3}},"type":"if","locations":[{"start":{"line":27,"column":2},"end":{"line":33,"column":3}},{"start":{"line":29,"column":9},"end":{"line":33,"column":3}}],"line":27},"6":{"loc":{"start":{"line":29,"column":9},"end":{"line":33,"column":3}},"type":"if","locations":[{"start":{"line":29,"column":9},"end":{"line":33,"column":3}},{"start":{"line":31,"column":9},"end":{"line":33,"column":3}}],"line":29},"7":{"loc":{"start":{"line":31,"column":9},"end":{"line":33,"column":3}},"type":"if","locations":[{"start":{"line":31,"column":9},"end":{"line":33,"column":3}},{"start":{},"end":{}}],"line":31},"8":{"loc":{"start":{"line":38,"column":2},"end":{"line":38,"column":28}},"type":"if","locations":[{"start":{"line":38,"column":2},"end":{"line":38,"column":28}},{"start":{},"end":{}}],"line":38},"9":{"loc":{"start":{"line":39,"column":2},"end":{"line":41,"column":3}},"type":"if","locations":[{"start":{"line":39,"column":2},"end":{"line":41,"column":3}},{"start":{},"end":{}}],"line":39},"10":{"loc":{"start":{"line":42,"column":2},"end":{"line":44,"column":3}},"type":"if","locations":[{"start":{"line":42,"column":2},"end":{"line":44,"column":3}},{"start":{},"end":{}}],"line":42}},"s":{"0":11,"1":11,"2":11,"3":11,"4":11,"5":11,"6":1,"7":10,"8":7,"9":3,"10":1,"11":2,"12":11,"13":1,"14":10,"15":1,"16":9,"17":2,"18":7,"19":11,"20":8,"21":3,"22":2,"23":1,"24":1,"25":0,"26":11,"27":1},"f":{"0":11,"1":11,"2":11,"3":11,"4":11},"b":{"0":[4],"1":[8],"2":[1,10],"3":[7,3],"4":[1,2],"5":[1,10],"6":[1,9],"7":[2,7],"8":[8,3],"9":[2,1],"10":[1,0]},"_coverageSchema":"1a1c01bbd47fc00a2c39e90264f33305004495a9","hash":"8fe747e99f00c2d2c002248d23a20ca1e3cee905"}
,"C:\\Users\\ss010\\OneDrive\\바탕 화면\\codeit-learn\\section_03_04_Jest\\cart\\cart.js": {"path":"C:\\Users\\ss010\\OneDrive\\바탕 화면\\codeit-learn\\section_03_04_Jest\\cart\\cart.js","statementMap":{"0":{"start":{"line":5,"column":4},"end":{"line":5,"column":20}},"1":{"start":{"line":9,"column":4},"end":{"line":9,"column":57}},"2":{"start":{"line":9,"column":37},"end":{"line":9,"column":55}},"3":{"start":{"line":15,"column":25},"end":{"line":15,"column":52}},"4":{"start":{"line":17,"column":4},"end":{"line":22,"column":5}},"5":{"start":{"line":18,"column":6},"end":{"line":18,"column":45}},"6":{"start":{"line":21,"column":6},"end":{"line":21,"column":28}},"7":{"start":{"line":26,"column":4},"end":{"line":26,"column":65}},"8":{"start":{"line":26,"column":45},"end":{"line":26,"column":63}},"9":{"start":{"line":30,"column":4},"end":{"line":32,"column":5}},"10":{"start":{"line":31,"column":6},"end":{"line":31,"column":44}},"11":{"start":{"line":34,"column":17},"end":{"line":34,"column":43}},"12":{"start":{"line":36,"column":4},"end":{"line":38,"column":5}},"13":{"start":{"line":37,"column":6},"end":{"line":37,"column":40}},"14":{"start":{"line":40,"column":4},"end":{"line":40,"column":29}},"15":{"start":{"line":44,"column":4},"end":{"line":46,"column":10}},"16":{"start":{"line":45,"column":6},"end":{"line":45,"column":44}},"17":{"start":{"line":50,"column":4},"end":{"line":50,"column":20}},"18":{"start":{"line":54,"column":0},"end":{"line":54,"column":22}}},"fnMap":{"0":{"name":"(anonymous_0)","decl":{"start":{"line":4,"column":2},"end":{"line":4,"column":3}},"loc":{"start":{"line":4,"column":16},"end":{"line":6,"column":3}},"line":4},"1":{"name":"(anonymous_1)","decl":{"start":{"line":8,"column":2},"end":{"line":8,"column":3}},"loc":{"start":{"line":8,"column":24},"end":{"line":10,"column":3}},"line":8},"2":{"name":"(anonymous_2)","decl":{"start":{"line":9,"column":27},"end":{"line":9,"column":28}},"loc":{"start":{"line":9,"column":37},"end":{"line":9,"column":55}},"line":9},"3":{"name":"(anonymous_3)","decl":{"start":{"line":13,"column":2},"end":{"line":13,"column":3}},"loc":{"start":{"line":13,"column":16},"end":{"line":23,"column":3}},"line":13},"4":{"name":"(anonymous_4)","decl":{"start":{"line":25,"column":2},"end":{"line":25,"column":3}},"loc":{"start":{"line":25,"column":21},"end":{"line":27,"column":3}},"line":25},"5":{"name":"(anonymous_5)","decl":{"start":{"line":26,"column":35},"end":{"line":26,"column":36}},"loc":{"start":{"line":26,"column":45},"end":{"line":26,"column":63}},"line":26},"6":{"name":"(anonymous_6)","decl":{"start":{"line":29,"column":2},"end":{"line":29,"column":3}},"loc":{"start":{"line":29,"column":35},"end":{"line":41,"column":3}},"line":29},"7":{"name":"(anonymous_7)","decl":{"start":{"line":43,"column":2},"end":{"line":43,"column":3}},"loc":{"start":{"line":43,"column":18},"end":{"line":47,"column":3}},"line":43},"8":{"name":"(anonymous_8)","decl":{"start":{"line":44,"column":29},"end":{"line":44,"column":30}},"loc":{"start":{"line":44,"column":43},"end":{"line":46,"column":5}},"line":44},"9":{"name":"(anonymous_9)","decl":{"start":{"line":49,"column":2},"end":{"line":49,"column":3}},"loc":{"start":{"line":49,"column":10},"end":{"line":51,"column":3}},"line":49}},"branchMap":{"0":{"loc":{"start":{"line":17,"column":4},"end":{"line":22,"column":5}},"type":"if","locations":[{"start":{"line":17,"column":4},"end":{"line":22,"column":5}},{"start":{"line":19,"column":11},"end":{"line":22,"column":5}}],"line":17},"1":{"loc":{"start":{"line":30,"column":4},"end":{"line":32,"column":5}},"type":"if","locations":[{"start":{"line":30,"column":4},"end":{"line":32,"column":5}},{"start":{},"end":{}}],"line":30},"2":{"loc":{"start":{"line":36,"column":4},"end":{"line":38,"column":5}},"type":"if","locations":[{"start":{"line":36,"column":4},"end":{"line":38,"column":5}},{"start":{},"end":{}}],"line":36}},"s":{"0":6,"1":10,"2":4,"3":8,"4":8,"5":1,"6":7,"7":1,"8":2,"9":3,"10":1,"11":2,"12":2,"13":1,"14":1,"15":0,"16":0,"17":0,"18":1},"f":{"0":6,"1":10,"2":4,"3":8,"4":1,"5":2,"6":3,"7":0,"8":0,"9":0},"b":{"0":[1,7],"1":[1,2],"2":[1,1]},"_coverageSchema":"1a1c01bbd47fc00a2c39e90264f33305004495a9","hash":"070154809dc7f73f1b11d9e0f1b5c2974a2bad81"}
,"C:\\Users\\ss010\\OneDrive\\바탕 화면\\codeit-learn\\section_03_04_Jest\\cover\\coverage.js": {"path":"C:\\Users\\ss010\\OneDrive\\바탕 화면\\codeit-learn\\section_03_04_Jest\\cover\\coverage.js","statementMap":{"0":{"start":{"line":3,"column":2},"end":{"line":7,"column":3}},"1":{"start":{"line":4,"column":4},"end":{"line":4,"column":16}},"2":{"start":{"line":6,"column":4},"end":{"line":6,"column":17}},"3":{"start":{"line":11,"column":2},"end":{"line":14,"column":18}},"4":{"start":{"line":11,"column":19},"end":{"line":11,"column":30}},"5":{"start":{"line":12,"column":7},"end":{"line":14,"column":18}},"6":{"start":{"line":12,"column":24},"end":{"line":12,"column":35}},"7":{"start":{"line":13,"column":7},"end":{"line":14,"column":18}},"8":{"start":{"line":13,"column":24},"end":{"line":13,"column":35}},"9":{"start":{"line":14,"column":7},"end":{"line":14,"column":18}},"10":{"start":{"line":17,"column":0},"end":{"line":17,"column":48}}},"fnMap":{"0":{"name":"isPositive","decl":{"start":{"line":2,"column":9},"end":{"line":2,"column":19}},"loc":{"start":{"line":2,"column":25},"end":{"line":8,"column":1}},"line":2},"1":{"name":"calculateGrade","decl":{"start":{"line":10,"column":9},"end":{"line":10,"column":23}},"loc":{"start":{"line":10,"column":31},"end":{"line":15,"column":1}},"line":10}},"branchMap":{"0":{"loc":{"start":{"line":3,"column":2},"end":{"line":7,"column":3}},"type":"if","locations":[{"start":{"line":3,"column":2},"end":{"line":7,"column":3}},{"start":{"line":5,"column":9},"end":{"line":7,"column":3}}],"line":3},"1":{"loc":{"start":{"line":11,"column":2},"end":{"line":14,"column":18}},"type":"if","locations":[{"start":{"line":11,"column":2},"end":{"line":14,"column":18}},{"start":{"line":12,"column":7},"end":{"line":14,"column":18}}],"line":11},"2":{"loc":{"start":{"line":12,"column":7},"end":{"line":14,"column":18}},"type":"if","locations":[{"start":{"line":12,"column":7},"end":{"line":14,"column":18}},{"start":{"line":13,"column":7},"end":{"line":14,"column":18}}],"line":12},"3":{"loc":{"start":{"line":13,"column":7},"end":{"line":14,"column":18}},"type":"if","locations":[{"start":{"line":13,"column":7},"end":{"line":14,"column":18}},{"start":{"line":14,"column":7},"end":{"line":14,"column":18}}],"line":13}},"s":{"0":2,"1":1,"2":1,"3":8,"4":2,"5":6,"6":2,"7":4,"8":2,"9":2,"10":1},"f":{"0":2,"1":8},"b":{"0":[1,1],"1":[2,6],"2":[2,4],"3":[2,2]},"_coverageSchema":"1a1c01bbd47fc00a2c39e90264f33305004495a9","hash":"33fc8e2900a8660cb1c4829d56708cebf7960101"}
,"C:\\Users\\ss010\\OneDrive\\바탕 화면\\codeit-learn\\section_03_04_Jest\\max\\max.js": {"path":"C:\\Users\\ss010\\OneDrive\\바탕 화면\\codeit-learn\\section_03_04_Jest\\max\\max.js","statementMap":{"0":{"start":{"line":10,"column":2},"end":{"line":10,"column":57}},"1":{"start":{"line":10,"column":40},"end":{"line":10,"column":57}},"2":{"start":{"line":12,"column":2},"end":{"line":12,"column":30}},"3":{"start":{"line":15,"column":0},"end":{"line":15,"column":29}}},"fnMap":{"0":{"name":"findMax","decl":{"start":{"line":9,"column":9},"end":{"line":9,"column":16}},"loc":{"start":{"line":9,"column":26},"end":{"line":13,"column":1}},"line":9}},"branchMap":{"0":{"loc":{"start":{"line":10,"column":2},"end":{"line":10,"column":57}},"type":"if","locations":[{"start":{"line":10,"column":2},"end":{"line":10,"column":57}},{"start":{},"end":{}}],"line":10},"1":{"loc":{"start":{"line":10,"column":6},"end":{"line":10,"column":38}},"type":"binary-expr","locations":[{"start":{"line":10,"column":6},"end":{"line":10,"column":14}},{"start":{"line":10,"column":18},"end":{"line":10,"column":38}}],"line":10}},"s":{"0":6,"1":3,"2":3,"3":1},"f":{"0":6},"b":{"0":[3,3],"1":[6,4]},"_coverageSchema":"1a1c01bbd47fc00a2c39e90264f33305004495a9","hash":"609d14080a34c30996d541d11024c6f5d528d5b1"}
}
