TN:
SF:calculatePrice\calculatePrice.js
FN:3,calculatePrice
FN:19,applyPriceDiscount
FN:26,applyMembershipDiscount
FN:37,applyCouponDiscount
FN:48,applyMinimumPriceLimit
FNF:5
FNH:5
FNDA:11,calculatePrice
FNDA:11,applyPriceDiscount
FNDA:11,applyMembershipDiscount
FNDA:11,applyCouponDiscount
FNDA:11,applyMinimumPriceLimit
DA:5,11
DA:8,11
DA:11,11
DA:14,11
DA:16,11
DA:20,11
DA:21,10
DA:22,3
DA:23,2
DA:27,11
DA:28,1
DA:29,10
DA:30,1
DA:31,9
DA:32,2
DA:34,7
DA:38,11
DA:39,3
DA:40,2
DA:42,1
DA:43,1
DA:45,0
DA:49,11
DA:52,1
LF:24
LH:23
BRDA:3,0,0,4
BRDA:3,1,0,8
BRDA:20,2,0,1
BRDA:20,2,1,10
BRDA:21,3,0,7
BRDA:21,3,1,3
BRDA:22,4,0,1
BRDA:22,4,1,2
BRDA:27,5,0,1
BRDA:27,5,1,10
BRDA:29,6,0,1
BRDA:29,6,1,9
BRDA:31,7,0,2
BRDA:31,7,1,7
BRDA:38,8,0,8
BRDA:38,8,1,3
BRDA:39,9,0,2
BRDA:39,9,1,1
BRDA:42,10,0,1
BRDA:42,10,1,0
BRF:20
BRH:19
end_of_record
TN:
SF:cart\cart.js
FN:4,(anonymous_0)
FN:8,(anonymous_1)
FN:9,(anonymous_2)
FN:13,(anonymous_3)
FN:25,(anonymous_4)
FN:26,(anonymous_5)
FN:29,(anonymous_6)
FN:43,(anonymous_7)
FN:44,(anonymous_8)
FN:49,(anonymous_9)
FNF:10
FNH:7
FNDA:6,(anonymous_0)
FNDA:10,(anonymous_1)
FNDA:4,(anonymous_2)
FNDA:8,(anonymous_3)
FNDA:1,(anonymous_4)
FNDA:2,(anonymous_5)
FNDA:3,(anonymous_6)
FNDA:0,(anonymous_7)
FNDA:0,(anonymous_8)
FNDA:0,(anonymous_9)
DA:5,6
DA:9,10
DA:15,8
DA:17,8
DA:18,1
DA:21,7
DA:26,2
DA:30,3
DA:31,1
DA:34,2
DA:36,2
DA:37,1
DA:40,1
DA:44,0
DA:45,0
DA:50,0
DA:54,1
LF:17
LH:14
BRDA:17,0,0,1
BRDA:17,0,1,7
BRDA:30,1,0,1
BRDA:30,1,1,2
BRDA:36,2,0,1
BRDA:36,2,1,1
BRF:6
BRH:6
end_of_record
TN:
SF:cover\coverage.js
FN:2,isPositive
FN:10,calculateGrade
FNF:2
FNH:2
FNDA:2,isPositive
FNDA:8,calculateGrade
DA:3,2
DA:4,1
DA:6,1
DA:11,8
DA:12,6
DA:13,4
DA:14,2
DA:17,1
LF:8
LH:8
BRDA:3,0,0,1
BRDA:3,0,1,1
BRDA:11,1,0,2
BRDA:11,1,1,6
BRDA:12,2,0,2
BRDA:12,2,1,4
BRDA:13,3,0,2
BRDA:13,3,1,2
BRF:8
BRH:8
end_of_record
TN:
SF:max\max.js
FN:9,findMax
FNF:1
FNH:1
FNDA:6,findMax
DA:10,6
DA:12,3
DA:15,1
LF:3
LH:3
BRDA:10,0,0,3
BRDA:10,0,1,3
BRDA:10,1,0,6
BRDA:10,1,1,4
BRF:4
BRH:4
end_of_record
